TN:
SF:src\btn\Btn.tsx
FN:3,(anonymous_15)
FN:18,(anonymous_16)
FN:19,(anonymous_18)
FNF:3
FNH:2
FNDA:1,(anonymous_15)
FNDA:1,(anonymous_16)
FNDA:0,(anonymous_18)
DA:1,1
DA:3,1
DA:4,1
DA:5,1
DA:6,1
DA:7,1
DA:8,1
DA:18,1
DA:19,1
DA:20,0
DA:21,0
DA:27,1
DA:29,1
LF:13
LH:11
BRDA:3,0,0,1
BRDA:3,0,1,1
BRF:2
BRH:2
end_of_record
TN:
SF:src\login\Login.tsx
FN:20,(anonymous_13)
FN:44,(anonymous_15)
FN:27,(anonymous_16)
FN:32,(anonymous_17)
FN:33,(anonymous_18)
FN:35,(anonymous_19)
FNF:6
FNH:3
FNDA:10,(anonymous_13)
FNDA:4,(anonymous_15)
FNDA:15,(anonymous_16)
FNDA:0,(anonymous_17)
FNDA:0,(anonymous_18)
FNDA:0,(anonymous_19)
DA:1,1
DA:2,1
DA:20,9
DA:21,9
DA:27,15
DA:28,15
DA:32,0
DA:33,0
DA:35,0
DA:44,9
DA:45,4
DA:46,4
DA:49,4
DA:50,3
DA:51,3
DA:54,1
DA:56,1
DA:58,1
LF:18
LH:15
BRDA:20,0,0,9
BRDA:20,0,1,9
BRDA:20,0,2,9
BRDA:49,1,0,3
BRDA:49,1,1,1
BRDA:49,2,0,4
BRDA:49,2,1,2
BRDA:49,2,2,1
BRDA:49,2,3,1
BRDA:31,3,0,15
BRDA:31,3,1,4
BRF:11
BRH:11
end_of_record
TN:
SF:test\testUtils.ts
FN:8,(anonymous_0)
FNF:1
FNH:1
FNDA:9,(anonymous_0)
DA:8,1
DA:9,9
LF:2
LH:2
BRF:0
BRH:0
end_of_record
