TN:
SF:src\btn\Btn.tsx
FN:17,(anonymous_4)
FNF:1
FNH:1
FNDA:5,(anonymous_4)
DA:1,2
DA:2,2
DA:3,2
DA:17,2
DA:18,35
DA:20,5
DA:21,5
DA:23,5
DA:37,2
LF:9
LH:9
BRDA:21,0,0,0
BRDA:21,0,1,5
BRDA:24,1,0,0
BRDA:24,1,1,5
BRDA:24,2,0,0
BRDA:24,2,1,5
BRDA:25,3,0,5
BRDA:25,3,1,1
BRDA:26,4,0,5
BRDA:26,4,1,1
BRDA:26,4,2,0
BRDA:29,5,0,5
BRDA:29,5,1,1
BRDA:29,5,2,1
BRF:14
BRH:10
end_of_record
TN:
SF:src\btn\IdBtnColor.ts
FN:1,(anonymous_0)
FNF:1
FNH:1
FNDA:2,(anonymous_0)
DA:1,2
DA:2,2
DA:3,2
DA:4,2
DA:5,2
DA:6,2
LF:6
LH:6
BRDA:1,0,0,2
BRDA:1,0,1,2
BRF:2
BRH:2
end_of_record
TN:
SF:src\btn\utilBtn.ts
FN:4,(anonymous_0)
FN:5,(anonymous_2)
FNF:2
FNH:2
FNDA:4,(anonymous_0)
FNDA:15,(anonymous_2)
DA:1,2
DA:4,2
DA:5,2
DA:6,15
DA:8,15
DA:10,2
DA:12,2
DA:14,2
DA:16,2
DA:18,7
DA:21,2
DA:23,2
LF:12
LH:12
BRDA:9,0,0,2
BRDA:9,0,1,2
BRDA:9,0,2,2
BRDA:9,0,3,2
BRDA:9,0,4,7
BRDA:10,1,0,1
BRDA:10,1,1,1
BRDA:12,2,0,1
BRDA:12,2,1,1
BRDA:14,3,0,1
BRDA:14,3,1,1
BRDA:16,4,0,1
BRDA:16,4,1,1
BRDA:18,5,0,1
BRDA:18,5,1,6
BRF:15
BRH:15
end_of_record
TN:
SF:src\login\Login.tsx
FN:34,(anonymous_15)
FN:114,(anonymous_17)
FN:140,(anonymous_18)
FN:42,(anonymous_19)
FN:46,(anonymous_20)
FN:67,(anonymous_21)
FN:79,(anonymous_22)
FN:90,(anonymous_23)
FNF:8
FNH:4
FNDA:14,(anonymous_15)
FNDA:4,(anonymous_17)
FNDA:0,(anonymous_18)
FNDA:21,(anonymous_19)
FNDA:4,(anonymous_20)
FNDA:0,(anonymous_21)
FNDA:0,(anonymous_22)
FNDA:0,(anonymous_23)
DA:1,1
DA:2,1
DA:3,1
DA:4,1
DA:5,1
DA:34,13
DA:35,13
DA:42,21
DA:43,21
DA:45,21
DA:46,4
DA:67,0
DA:79,0
DA:90,0
DA:114,13
DA:115,4
DA:116,0
DA:119,4
DA:120,4
DA:122,4
DA:124,4
DA:125,3
DA:126,3
DA:127,3
DA:128,3
DA:131,1
DA:133,1
DA:140,13
DA:141,0
DA:143,1
DA:145,1
LF:31
LH:26
BRDA:34,0,0,13
BRDA:34,0,1,13
BRDA:34,0,2,13
BRDA:115,1,0,0
BRDA:115,1,1,4
BRDA:122,2,0,4
BRDA:122,2,1,4
BRDA:122,3,0,4
BRDA:122,3,1,0
BRDA:122,4,0,4
BRDA:122,4,1,4
BRDA:124,5,0,3
BRDA:124,5,1,1
BRDA:124,6,0,4
BRDA:124,6,1,2
BRDA:124,6,2,1
BRDA:124,6,3,1
BRDA:49,7,0,21
BRDA:49,7,1,19
BRDA:49,8,0,19
BRDA:49,8,1,2
BRDA:49,9,0,21
BRDA:49,9,1,21
BRDA:50,10,0,21
BRDA:50,10,1,4
BRDA:50,10,2,4
BRDA:55,11,0,21
BRDA:55,11,1,2
BRDA:61,12,0,21
BRDA:61,12,1,21
BRDA:61,13,0,19
BRDA:61,13,1,2
BRDA:61,14,0,21
BRDA:61,14,1,21
BRDA:73,15,0,21
BRDA:73,15,1,21
BRDA:73,16,0,19
BRDA:73,16,1,2
BRDA:73,17,0,21
BRDA:73,17,1,21
BRDA:93,18,0,21
BRDA:93,18,1,21
BRDA:93,19,0,19
BRDA:93,19,1,2
BRDA:93,20,0,21
BRDA:93,20,1,21
BRDA:101,21,0,21
BRDA:101,21,1,21
BRDA:101,22,0,19
BRDA:101,22,1,2
BRDA:101,23,0,21
BRDA:101,23,1,21
BRDA:106,24,0,21
BRDA:106,24,1,0
BRF:54
BRH:51
end_of_record
TN:
SF:src\text\InputText.tsx
FN:17,(anonymous_4)
FNF:1
FNH:1
FNDA:3,(anonymous_4)
DA:1,2
DA:2,2
DA:17,2
DA:18,24
DA:30,3
DA:39,2
LF:6
LH:6
BRDA:32,0,0,3
BRDA:32,0,1,1
BRDA:33,1,0,3
BRDA:33,1,1,3
BRF:4
BRH:4
end_of_record
TN:
SF:test\testUtils.ts
FN:8,(anonymous_0)
FNF:1
FNH:1
FNDA:21,(anonymous_0)
DA:8,3
DA:9,21
LF:2
LH:2
BRF:0
BRH:0
end_of_record
